<?xml version="1.0" encoding="UTF-8"?>
<Site BuildName="Win32-mingw32-make"
	BuildStamp="20190908-1540-Experimental"
	Name="DESKTOP-U0O25SD"
	Generator="ctest-3.15.2"
	CompilerName="C:/Program Files/mingw-w64/x86_64-8.1.0-win32-seh-rt_v6-rev0/mingw64/bin/g++.exe"
	CompilerVersion="8.1.0"
	OSName="Windows"
	Hostname="DESKTOP-U0O25SD"
	OSRelease=" Personal"
	OSVersion=" (Build 18362)"
	OSPlatform="AMD64"
	Is64Bits="1"
	VendorString="GenuineIntel"
	VendorID="Intel Corporation"
	FamilyID="6"
	ModelID="12"
	ProcessorCacheSize="-1"
	NumberOfLogicalCPU="8"
	NumberOfPhysicalCPU="4"
	TotalVirtualMemory="18710"
	TotalPhysicalMemory="16278"
	LogicalProcessorsPerPhysical="2"
	ProcessorClockFrequency="3591"
	>
	<Testing>
		<StartDateTime>Sep 08 16:40 GMT Summer Time</StartDateTime>
		<StartTestTime>1567957241</StartTestTime>
		<TestList/>
		<EndDateTime>Sep 08 16:40 GMT Summer Time</EndDateTime>
		<EndTestTime>1567957241</EndTestTime>
		<ElapsedMinutes>0</ElapsedMinutes>
	</Testing>
</Site>
